\BOOKMARK [0][]{Titlepage.0}{Titlepage}{}% 1
\BOOKMARK [0][]{Abstract.0}{Abstract}{}% 2
\BOOKMARK [1][-]{StrategicIssues.1}{StrategicIssues}{Abstract.0}% 3
\BOOKMARK [2][-]{Options.2}{Options}{StrategicIssues.1}% 4
\BOOKMARK [0][]{Acknowledgements.0}{Acknowledgements}{}% 5
\BOOKMARK [0][]{tableofcontents.0}{Table of Contents}{}% 6
\BOOKMARK [0][]{chapter.1}{1 About Dorel Industries}{}% 7
\BOOKMARK [1][-]{section.1.1}{1.1 Recent Strategic Moves \(2013\)}{chapter.1}% 8
\BOOKMARK [0][]{chapter.2}{2 Business Overview}{}% 9
\BOOKMARK [1][-]{section.2.1}{2.1 Business Definition}{chapter.2}% 10
\BOOKMARK [1][-]{section.2.2}{2.2 Business Unit Breakdown}{chapter.2}% 11
\BOOKMARK [2][-]{subsection.2.2.1}{2.2.1 Juvenile}{section.2.2}% 12
\BOOKMARK [2][-]{subsection.2.2.2}{2.2.2 Recreational/Leisure}{section.2.2}% 13
\BOOKMARK [2][-]{subsection.2.2.3}{2.2.3 Home Furnishings}{section.2.2}% 14
\BOOKMARK [0][]{chapter.3}{3 Modified BCG}{}% 15
\BOOKMARK [1][-]{section.3.1}{3.1 BCG Analysis}{chapter.3}% 16
\BOOKMARK [0][]{chapter.4}{4 Five Tests}{}% 17
\BOOKMARK [1][-]{section.4.1}{4.1 Vision}{chapter.4}% 18
\BOOKMARK [1][-]{section.4.2}{4.2 Internal Consistency}{chapter.4}% 19
\BOOKMARK [1][-]{section.4.3}{4.3 External Fit}{chapter.4}% 20
\BOOKMARK [1][-]{section.4.4}{4.4 Corporate Advantage}{chapter.4}% 21
\BOOKMARK [1][-]{section.4.5}{4.5 Feasiblity}{chapter.4}% 22
\BOOKMARK [0][]{chapter.5}{5 Financial Analysis}{}% 23
\BOOKMARK [1][-]{section.5.1}{5.1 Revenue}{chapter.5}% 24
\BOOKMARK [1][-]{section.5.2}{5.2 Stock Price}{chapter.5}% 25
\BOOKMARK [2][-]{subsection.5.2.1}{5.2.1 Last 2 Years}{section.5.2}% 26
\BOOKMARK [2][-]{subsection.5.2.2}{5.2.2 Current Year \(2014\)}{section.5.2}% 27
\BOOKMARK [1][-]{section.5.3}{5.3 Financial Performance by Unit}{chapter.5}% 28
\BOOKMARK [0][]{chapter.6}{6 Balanced Scorecard}{}% 29
\BOOKMARK [0][]{chapter.7}{7 SWOT Analysis}{}% 30
\BOOKMARK [1][-]{section*.10}{References}{chapter.7}% 31
\BOOKMARK [0][]{section*.11}{Index}{}% 32
